0 info it worked if it ends with ok
1 verbose cli [ '/usr/local/bin/node',
1 verbose cli   '/usr/local/bin/npm',
1 verbose cli   'install',
1 verbose cli   '/Users/Benzaydman/Represented//web-app' ]
2 info using npm@4.1.2
3 info using node@v7.7.1
4 silly loadCurrentTree Starting
5 silly install loadCurrentTree
6 silly install readLocalPackageData
7 silly fetchPackageMetaData /Users/Benzaydman/Represented//web-app
8 silly fetchOtherPackageData /Users/Benzaydman/Represented//web-app
9 silly cache add args [ '/Users/Benzaydman/Represented//web-app', null ]
10 verbose cache add spec /Users/Benzaydman/Represented//web-app
11 silly cache add parsed spec Result {
11 silly cache add   raw: '/Users/Benzaydman/Represented//web-app',
11 silly cache add   scope: null,
11 silly cache add   escapedName: null,
11 silly cache add   name: null,
11 silly cache add   rawSpec: '/Users/Benzaydman/Represented//web-app',
11 silly cache add   spec: '/Users/Benzaydman/Represented/web-app',
11 silly cache add   type: 'local' }
12 error addLocal Could not install /Users/Benzaydman/Represented/web-app
13 silly fetchPackageMetaData Error: ENOENT: no such file or directory, open '/Users/Benzaydman/Represented/web-app'
13 silly fetchPackageMetaData  error for /Users/Benzaydman/Represented//web-app { Error: ENOENT: no such file or directory, open '/Users/Benzaydman/Represented/web-app'
13 silly fetchPackageMetaData   errno: -2,
13 silly fetchPackageMetaData   code: 'ENOENT',
13 silly fetchPackageMetaData   syscall: 'open',
13 silly fetchPackageMetaData   path: '/Users/Benzaydman/Represented/web-app' }
14 silly rollbackFailedOptional Starting
15 silly rollbackFailedOptional Finishing
16 silly runTopLevelLifecycles Finishing
17 silly install printInstalled
18 verbose stack Error: ENOENT: no such file or directory, open '/Users/Benzaydman/Represented/web-app'
19 verbose cwd /Users/Benzaydman/Represented
20 error Darwin 15.6.0
21 error argv "/usr/local/bin/node" "/usr/local/bin/npm" "install" "/Users/Benzaydman/Represented//web-app"
22 error node v7.7.1
23 error npm  v4.1.2
24 error path /Users/Benzaydman/Represented/web-app
25 error code ENOENT
26 error errno -2
27 error syscall open
28 error enoent ENOENT: no such file or directory, open '/Users/Benzaydman/Represented/web-app'
29 error enoent ENOENT: no such file or directory, open '/Users/Benzaydman/Represented/web-app'
29 error enoent This is most likely not a problem with npm itself
29 error enoent and is related to npm not being able to find a file.
30 verbose exit [ -2, true ]
